
MASTER - DATE: 2020-06-22 23:13:44  R mascota ROW 1  
MASTER - DATE: 2020-06-22 23:23:04  R usuario ROW 5  
MASTER - DATE: 2020-06-22 23:32:53  R mascota ROW 1  
MASTER - DATE: 2020-06-23 09:03:02  R mascota ROW 1  
MASTER - DATE: 2020-06-25 11:45:43  R usuario ROW 1  
MASTER - DATE: 2020-06-25 11:51:18  R adopcion ROW 1  
MASTER - DATE: 2020-06-25 12:17:59  R adopcion ROW 1  
MASTER - DATE: 2020-06-25 12:20:11  R adopcion ROW 1  
MASTER - DATE: 2020-06-25 12:20:39  R adopcion ROW 1  
MASTER - DATE: 2020-06-25 12:21:52  R adopcion ROW 1  
MASTER - DATE: 2020-06-25 12:29:51  R domicilio ROW 1  
MASTER - DATE: 2020-06-25 12:40:24  R donacion ROW 1  
MASTER - DATE: 2020-06-25 12:52:00  R mascota ROW 1  
MASTER - DATE: 2020-06-25 12:59:21  R persona ROW 1  
MASTER - DATE: 2020-06-25 13:21:20  R producto ROW 1  
MASTER - DATE: 2020-06-25 13:21:27  R producto ROW 1  
MASTER - DATE: 2020-06-25 13:22:08  R producto ROW 1  
MASTER - DATE: 2020-06-25 13:22:25  R producto ROW 1  
MASTER - DATE: 2020-06-25 13:30:38  R reporte ROW 1  
MASTER - DATE: 2020-06-25 13:31:35  R reporte ROW 1  
MASTER - DATE: 2020-06-25 13:32:06  R reporte ROW 1  
MASTER - DATE: 2020-06-25 13:32:24  R reporte ROW 1  
MASTER - DATE: 2020-06-25 13:36:22  R rescate ROW 1  
MASTER - DATE: 2020-06-25 13:42:32  R usuario ROW 1  
MASTER - DATE: 2020-06-25 18:04:02  R producto ROW 1  
MASTER - DATE: 2020-06-25 18:20:39  R producto ROW 1  
MASTER - DATE: 2020-06-25 18:21:47  R producto ROW 1  
MASTER - DATE: 2020-06-25 18:22:13  R producto ROW 1  
MASTER - DATE: 2020-06-25 18:22:33  R producto ROW 1  
MASTER - DATE: 2020-06-25 18:23:10  R producto ROW 1  
MASTER - DATE: 2020-06-25 18:23:32  R producto ROW 1  
MASTER - DATE: 2020-06-25 18:23:40  R producto ROW 1  
MASTER - DATE: 2020-06-25 18:24:11  R producto ROW 1  
MASTER - DATE: 2020-06-25 18:24:58  R producto ROW 1  
MASTER - DATE: 2020-06-25 18:25:14  R producto ROW 1  
MASTER - DATE: 2020-06-25 18:25:25  R producto ROW 1  
MASTER - DATE: 2020-06-25 18:25:50  R producto ROW 1  
MASTER - DATE: 2020-06-25 18:26:57  R producto ROW 1  
MASTER - DATE: 2020-06-25 18:27:14  R producto ROW 1  
MASTER - DATE: 2020-06-25 18:27:32  R producto ROW 1  
MASTER - DATE: 2020-06-25 18:27:52  R producto ROW 1  
MASTER - DATE: 2020-06-25 18:28:00  R producto ROW 1  
MASTER - DATE: 2020-06-25 18:28:16  R producto ROW 1  
MASTER - DATE: 2020-06-25 18:28:26  R producto ROW 1  
MASTER - DATE: 2020-06-25 18:28:34  R producto ROW 1  
MASTER - DATE: 2020-06-25 18:28:46  R producto ROW 1  
MASTER - DATE: 2020-06-25 18:28:50  R producto ROW 1  
MASTER - DATE: 2020-06-25 18:29:03  R producto ROW 1  
MASTER - DATE: 2020-06-25 18:29:12  R producto ROW 1  
MASTER - DATE: 2020-06-25 18:29:50  R producto ROW 1  
MASTER - DATE: 2020-06-25 18:30:02  R producto ROW 1  
