MASTER - DATE: 2020-06-23 13:25:14  R adopcion ROW 1  
MASTER - DATE: 2020-06-23 13:27:20  R adopcion ROW 1  
MASTER - DATE: 2020-06-23 14:47:57  R adopcion ROW 1  
MASTER - DATE: 2020-06-23 17:04:56  R adopcion ROW 1  
MASTER - DATE: 2020-06-23 17:05:07  R adopcion ROW 1  
MASTER - DATE: 2020-06-23 17:06:12  R adopcion ROW 1  
MASTER - DATE: 2020-06-23 17:06:16  R adopcion ROW 1  
MASTER - DATE: 2020-06-23 17:07:31  R adopcion ROW 1  
MASTER - DATE: 2020-06-23 17:11:31  R adopcion ROW 1  
MASTER - DATE: 2020-06-23 17:19:03  R adopcion ROW 1  
MASTER - DATE: 2020-06-23 17:19:09  R adopcion ROW 1  
MASTER - DATE: 2020-06-23 17:19:20  R adopcion ROW 1  
MASTER - DATE: 2020-06-23 17:20:07  R adopcion ROW 1  
MASTER - DATE: 2020-06-23 17:21:38  R adopcion ROW 1  
MASTER - DATE: 2020-06-23 18:33:16  R adopcion ROW 1  
MASTER - DATE: 2020-06-23 18:46:32  R domicilio ROW 1  
MASTER - DATE: 2020-06-23 19:16:17  R  ROW 1  
MASTER - DATE: 2020-06-23 19:19:24  R donacion ROW 1  
MASTER - DATE: 2020-06-23 19:21:37  R donacion ROW 1  
MASTER - DATE: 2020-06-23 19:30:19  R donacion ROW 1  
MASTER - DATE: 2020-06-23 19:30:50  R donacion ROW 1  
MASTER - DATE: 2020-06-23 19:34:57  R donacion ROW 1  
MASTER - DATE: 2020-06-23 19:48:20  R mascota ROW 1  
MASTER - DATE: 2020-06-24 19:24:00  R mascota ROW 1  
MASTER - DATE: 2020-06-24 19:55:50  R persona ROW 1  
MASTER - DATE: 2020-06-24 19:56:34  R persona ROW 1  
MASTER - DATE: 2020-06-24 19:57:51  R persona ROW 1  
MASTER - DATE: 2020-06-24 19:59:45  R persona ROW 1  
MASTER - DATE: 2020-06-24 20:21:48  R producto ROW 1  
MASTER - DATE: 2020-06-24 21:29:52  R reporte ROW 1  
MASTER - DATE: 2020-06-24 21:30:53  R reporte ROW 1  
MASTER - DATE: 2020-06-25 09:35:07  R rescate ROW 1  
MASTER - DATE: 2020-06-25 09:35:07  R usuario ROW 1  
MASTER - DATE: 2020-06-25 09:35:07  R  ROW 1  
MASTER - DATE: 2020-06-25 09:35:29  R rescate ROW 1  
MASTER - DATE: 2020-06-25 09:35:29  R usuario ROW 1  
MASTER - DATE: 2020-06-25 09:35:29  R vacuna_mascota ROW 1  
MASTER - DATE: 2020-06-25 11:06:05  R usuario ROW 1  
MASTER - DATE: 2020-06-25 11:07:20  R usuario ROW 1  
MASTER - DATE: 2020-06-25 11:07:42  R usuario ROW 1  
MASTER - DATE: 2020-06-25 11:07:55  R usuario ROW 1  
MASTER - DATE: 2020-06-25 11:12:29  R usuario ROW 1  
MASTER - DATE: 2020-06-25 11:22:48  R usuario ROW 1  
MASTER - DATE: 2020-06-25 11:23:07  R usuario ROW 1  
MASTER - DATE: 2020-06-25 11:25:33  R usuario ROW 1  
MASTER - DATE: 2020-06-25 11:45:43  R usuario ROW 1  
MASTER - DATE: 2020-06-25 11:50:46  R adopcion ROW 1 - 
MASTER - DATE: 2020-06-25 11:51:18  R adopcion ROW 1 - 
MASTER - DATE: 2020-06-25 12:08:32  R adopcion ROW 1 - 
MASTER - DATE: 2020-06-25 12:12:03  R adopcion ROW 1 - 
MASTER - DATE: 2020-06-25 12:17:59  R adopcion ROW 1 - 
MASTER - DATE: 2020-06-25 12:20:11  R adopcion ROW 1 - 
MASTER - DATE: 2020-06-25 12:20:39  R adopcion ROW 1 - 
MASTER - DATE: 2020-06-25 12:21:52  R adopcion ROW 1 - 
MASTER - DATE: 2020-06-25 12:29:51  R domicilio ROW 1  
MASTER - DATE: 2020-06-25 12:40:24  R donacion ROW 1  
MASTER - DATE: 2020-06-25 12:52:00  R mascota ROW 1  
MASTER - DATE: 2020-06-25 13:05:47  R producto ROW 1  
MASTER - DATE: 2020-06-25 13:21:20  R producto ROW 1  
MASTER - DATE: 2020-06-25 13:21:27  R producto ROW 1  
MASTER - DATE: 2020-06-25 13:22:08  R producto ROW 1  
MASTER - DATE: 2020-06-25 13:22:25  R producto ROW 1  
MASTER - DATE: 2020-06-25 13:30:38  R reporte ROW 1  
MASTER - DATE: 2020-06-25 13:31:35  R reporte ROW 1  
MASTER - DATE: 2020-06-25 13:32:06  R reporte ROW 1  
MASTER - DATE: 2020-06-25 13:32:24  R reporte ROW 1  
MASTER - DATE: 2020-06-25 13:36:22  R rescate ROW 1  
MASTER - DATE: 2020-06-25 13:36:41  R rescate ROW 1  
MASTER - DATE: 2020-06-25 13:42:32  R usuario ROW 1  
MASTER - DATE: 2020-06-25 13:48:12  D adopcion ROW   
MASTER - DATE: 2020-06-25 13:49:08  D adopcion ROW   
MASTER - DATE: 2020-06-25 13:49:38  D adopcion ROW   
MASTER - DATE: 2020-06-25 13:51:10  D adopcion ROW 1 
MASTER - DATE: 2020-06-25 13:52:46  D adopcion ROW 1 
MASTER - DATE: 2020-06-25 14:14:48  D domicilio ROW 1 
MASTER - DATE: 2020-06-25 14:16:32  D domicilio ROW 1 
MASTER - DATE: 2020-06-25 14:16:32  D donacion ROW 1 
MASTER - DATE: 2020-06-25 14:16:58  D donacion ROW 1 
MASTER - DATE: 2020-06-25 14:18:52  D mascota ROW 1 
MASTER - DATE: 2020-06-25 18:04:02  R producto ROW 1  
MASTER - DATE: 2020-06-25 18:20:39  R producto ROW 1  
MASTER - DATE: 2020-06-25 18:21:47  R producto ROW 1  
MASTER - DATE: 2020-06-25 18:22:13  R producto ROW 1  
MASTER - DATE: 2020-06-25 18:22:33  R producto ROW 1  
MASTER - DATE: 2020-06-25 18:23:10  R producto ROW 1  
MASTER - DATE: 2020-06-25 18:23:32  R producto ROW 1  
MASTER - DATE: 2020-06-25 18:23:40  R producto ROW 1  
MASTER - DATE: 2020-06-25 18:24:11  R producto ROW 1  
MASTER - DATE: 2020-06-25 18:24:58  R producto ROW 1  
MASTER - DATE: 2020-06-25 18:25:14  R producto ROW 1  
MASTER - DATE: 2020-06-25 18:25:25  R producto ROW 1  
MASTER - DATE: 2020-06-25 18:25:50  R producto ROW 1  
MASTER - DATE: 2020-06-25 18:26:57  R producto ROW 1  
MASTER - DATE: 2020-06-25 18:27:14  R producto ROW 1  
MASTER - DATE: 2020-06-25 18:27:32  R producto ROW 1  
MASTER - DATE: 2020-06-25 18:27:52  R producto ROW 1  
MASTER - DATE: 2020-06-25 18:28:00  R producto ROW 1  
MASTER - DATE: 2020-06-25 18:28:16  R producto ROW 1  
MASTER - DATE: 2020-06-25 18:28:26  R producto ROW 1  
MASTER - DATE: 2020-06-25 18:28:34  R producto ROW 1  
MASTER - DATE: 2020-06-25 18:28:46  R producto ROW 1  
MASTER - DATE: 2020-06-25 18:28:50  R producto ROW 1  
MASTER - DATE: 2020-06-25 18:29:03  R producto ROW 1  
MASTER - DATE: 2020-06-25 18:29:12  R producto ROW 1  
MASTER - DATE: 2020-06-25 18:29:50  R producto ROW 1  
MASTER - DATE: 2020-06-25 18:30:02  R producto ROW 1  
MASTER - DATE: 2020-06-26 00:22:53  R donacion ROW 1  
MASTER - DATE: 2020-06-26 00:23:05  R donacion ROW 1  
MASTER - DATE: 2020-06-26 00:26:28  R donacion ROW 1  
MASTER - DATE: 2020-06-26 00:28:44  R donacion ROW 1  
MASTER - DATE: 2020-06-26 00:29:19  R donacion ROW 1  
MASTER - DATE: 2020-06-26 09:13:08  R donacion ROW 1  
MASTER - DATE: 2020-06-26 09:24:17  R donacion ROW 1  
MASTER - DATE: 2020-06-26 10:30:52  R donacion ROW 1  
MASTER - DATE: 2020-06-26 10:31:48  R donacion ROW 1  
MASTER - DATE: 2020-06-26 17:39:46  W donacion ROW 1  
MASTER - DATE: 2020-06-26 17:40:02  W donacion ROW 1  
MASTER - DATE: 2020-06-26 17:41:09  W donacion ROW 1  
MASTER - DATE: 2020-06-26 18:00:45  W donacion ROW 1  
MASTER - DATE: 2020-06-26 18:01:03  W donacion ROW 1  
MASTER - DATE: 2020-06-26 18:03:29  W donacion ROW 1  
MASTER - DATE: 2020-06-26 18:07:26  W usuario ROW 1  
MASTER - DATE: 2020-06-26 19:29:01  W usuario ROW 1  
MASTER - DATE: 2020-06-27 17:18:14  D reporte ROW 1 
MASTER - DATE: 2020-06-27 17:18:17  D reporte ROW 1 
MASTER - DATE: 2020-06-27 17:19:04  W reporte ROW 1  
MASTER - DATE: 2020-06-27 17:19:09  W reporte ROW 1  
MASTER - DATE: 2020-06-27 17:19:14  W reporte ROW 1  
MASTER - DATE: 2020-06-27 17:19:16  W reporte ROW 1  
MASTER - DATE: 2020-06-27 17:19:18  W reporte ROW 1  
MASTER - DATE: 2020-06-27 17:19:20  W reporte ROW 1  
MASTER - DATE: 2020-06-27 17:22:20  D reporte ROW 1 
MASTER - DATE: 2020-06-27 17:23:01  D reporte ROW 1 
MASTER - DATE: 2020-06-27 17:23:32  D reporte ROW 1 
MASTER - DATE: 2020-06-27 17:25:43  D reporte ROW 1 
MASTER - DATE: 2020-06-27 17:25:49  D reporte ROW 1 
MASTER - DATE: 2020-06-27 17:27:29  D reporte ROW 1 
MASTER - DATE: 2020-06-27 17:30:30  W reporte ROW 1  
MASTER - DATE: 2020-06-27 17:31:15  W reporte ROW 1  
MASTER - DATE: 2020-06-27 17:31:20  W reporte ROW 1  
MASTER - DATE: 2020-06-27 20:25:25  W reporte ROW 1  
MASTER - DATE: 2020-06-27 20:28:45  W reporte ROW 1  
MASTER - DATE: 2020-06-27 20:31:03  W reporte ROW 1  
MASTER - DATE: 2020-06-27 20:31:14  W reporte ROW 1  
MASTER - DATE: 2020-06-27 20:52:22  W reporte ROW 1  
MASTER - DATE: 2020-06-27 21:02:37  W reporte ROW 1  
MASTER - DATE: 2020-06-27 21:02:56  W reporte ROW 1  
MASTER - DATE: 2020-06-27 21:03:42  W reporte ROW 1  
MASTER - DATE: 2020-06-27 21:03:56  W reporte ROW 1  
MASTER - DATE: 2020-06-27 21:34:15  W reporte ROW 1  
MASTER - DATE: 2020-06-27 21:37:33  W reporte ROW 1  
MASTER - DATE: 2020-06-27 21:39:04  W reporte ROW 1  
MASTER - DATE: 2020-06-27 21:39:51  W reporte ROW 1  
MASTER - DATE: 2020-06-27 21:40:12  W reporte ROW 1  
MASTER - DATE: 2020-06-27 21:41:12  W reporte ROW 1  
MASTER - DATE: 2020-06-27 21:41:49  W reporte ROW 1  
MASTER - DATE: 2020-06-27 21:49:56  W reporte ROW 1  
MASTER - DATE: 2020-06-27 21:59:15  W reporte ROW 1  
MASTER - DATE: 2020-06-27 22:08:13  W reporte ROW 1  
